<?xml version="1.0" encoding="UTF-8"?>
<testng-results ignored="0" total="1" passed="1" failed="0" skipped="0">
  <reporter-output>
  </reporter-output>
  <suite started-at="2025-07-19T20:58:25 IST" name="Master Suite" finished-at="2025-07-19T20:58:39 IST" duration-ms="13583">
    <groups>
      <group name="Master">
        <method signature="TC01_ValidLogin.validLogin()[pri:0, instance:testCases.TC01_ValidLogin@1b7cc17c]" name="validLogin" class="testCases.TC01_ValidLogin"/>
      </group> <!-- Master -->
    </groups>
    <test started-at="2025-07-19T20:58:25 IST" name="Test" finished-at="2025-07-19T20:58:39 IST" duration-ms="13583">
      <class name="testCases.TC01_ValidLogin">
        <test-method is-config="true" signature="setup(java.lang.String,java.lang.String)[pri:0, instance:testCases.TC01_ValidLogin@1b7cc17c]" started-at="2025-07-19T20:58:26 IST" name="setup" finished-at="2025-07-19T20:58:35 IST" duration-ms="9867" status="PASS">
          <params>
            <param index="0">
              <value>
                <![CDATA[chrome]]>
              </value>
            </param>
            <param index="1">
              <value>
                <![CDATA[windows]]>
              </value>
            </param>
          </params>
          <reporter-output>
          </reporter-output>
        </test-method> <!-- setup -->
        <test-method signature="validLogin()[pri:0, instance:testCases.TC01_ValidLogin@1b7cc17c]" started-at="2025-07-19T20:58:35 IST" name="validLogin" finished-at="2025-07-19T20:58:39 IST" duration-ms="3122" status="PASS">
          <reporter-output>
          </reporter-output>
        </test-method> <!-- validLogin -->
      </class> <!-- testCases.TC01_ValidLogin -->
    </test> <!-- Test -->
  </suite> <!-- Master Suite -->
</testng-results>
